<?xml version="1.0" encoding="UTF-8"?>
<!-- Generated by org.testng.reporters.JUnitReportReporter -->
<testsuite hostname="SoumyaRaj" failures="0" tests="6" name="Project.Orangehrm" time="30.810" errors="0" timestamp="2024-07-31T13:17:17 IST" skipped="3">
  <testcase classname="Project.Orangehrm" name="doLoginwithInvalidCrdentilas" time="6.844"/>
  <testcase classname="Project.Orangehrm" name="addEmployee" time="15.272"/>
  <testcase classname="Project.Orangehrm" name="addEmployeeImages" time="8.694"/>
  <testcase classname="Project.Orangehrm" name="LoginCredentials">
    <skipped/>
  </testcase> <!-- LoginCredentials -->
  <testcase classname="Project.Orangehrm" name="searchEmployeeByName">
    <skipped/>
  </testcase> <!-- searchEmployeeByName -->
  <testcase classname="Project.Orangehrm" name="searchEmployeeById">
    <skipped/>
  </testcase> <!-- searchEmployeeById -->
</testsuite> <!-- Project.Orangehrm -->
